Using pre-set license
Built from '6000.0/staging' branch; Version is '6000.0.37f1 (090b7797214c) revision 592759'; Using compiler version '193933523'; Build Type 'Release'
OS: 'Windows 10  (10.0.19045) 64bit Professional' Language: 'en' Physical Memory: 65480 MB
BatchMode: 1, IsHumanControllingUs: 0, StartBugReporterOnCrash: 0, Is64bit: 1, IsPro: 1

COMMAND LINE ARGUMENTS:
C:\Program Files\Unity\Hub\Editor\6000.0.37f1\Editor\Unity.exe
-adb2
-batchMode
-noUpm
-name
AssetImportWorker0
-projectPath
C:/Users/USER/Documents/DevPriority/URPSandbox/URPSandbox
-logFile
Logs/AssetImportWorker0.log
-srvPort
52632
-job-worker-count
7
-background-job-worker-count
8
-gc-helper-count
1
Successfully changed project path to: C:/Users/USER/Documents/DevPriority/URPSandbox/URPSandbox
C:/Users/USER/Documents/DevPriority/URPSandbox/URPSandbox
[UnityMemory] Configuration Parameters - Can be set up in boot.config
    "memorysetup-bucket-allocator-granularity=16"
    "memorysetup-bucket-allocator-bucket-count=8"
    "memorysetup-bucket-allocator-block-size=33554432"
    "memorysetup-bucket-allocator-block-count=8"
    "memorysetup-main-allocator-block-size=16777216"
    "memorysetup-thread-allocator-block-size=16777216"
    "memorysetup-gfx-main-allocator-block-size=16777216"
    "memorysetup-gfx-thread-allocator-block-size=16777216"
    "memorysetup-cache-allocator-block-size=4194304"
    "memorysetup-typetree-allocator-block-size=2097152"
    "memorysetup-profiler-bucket-allocator-granularity=16"
    "memorysetup-profiler-bucket-allocator-bucket-count=8"
    "memorysetup-profiler-bucket-allocator-block-size=33554432"
    "memorysetup-profiler-bucket-allocator-block-count=8"
    "memorysetup-profiler-allocator-block-size=16777216"
    "memorysetup-profiler-editor-allocator-block-size=1048576"
    "memorysetup-temp-allocator-size-main=16777216"
    "memorysetup-job-temp-allocator-block-size=2097152"
    "memorysetup-job-temp-allocator-block-size-background=1048576"
    "memorysetup-job-temp-allocator-reduction-small-platforms=262144"
    "memorysetup-allocator-temp-initial-block-size-main=262144"
    "memorysetup-allocator-temp-initial-block-size-worker=262144"
    "memorysetup-temp-allocator-size-background-worker=32768"
    "memorysetup-temp-allocator-size-job-worker=262144"
    "memorysetup-temp-allocator-size-preload-manager=33554432"
    "memorysetup-temp-allocator-size-nav-mesh-worker=65536"
    "memorysetup-temp-allocator-size-audio-worker=65536"
    "memorysetup-temp-allocator-size-cloud-worker=32768"
    "memorysetup-temp-allocator-size-gi-baking-worker=262144"
    "memorysetup-temp-allocator-size-gi-baking-worker=262144"
    "memorysetup-temp-allocator-size-gi-baking-worker=262144"
    "memorysetup-temp-allocator-size-gi-baking-worker=262144"
    "memorysetup-temp-allocator-size-gi-baking-worker=262144"
    "memorysetup-temp-allocator-size-gfx=262144"
Player connection [24100]  Target information:

Player connection [24100]  * "[IP] 192.168.1.67 [Port] 0 [Flags] 2 [Guid] 75174726 [EditorId] 75174726 [Version] 1048832 [Id] WindowsEditor(7,User9150-PC) [Debug] 1 [PackageName] WindowsEditor [ProjectName] Editor" 

Player connection [24100] Host joined multi-casting on [225.0.0.222:54997]...
Player connection [24100] Host joined alternative multi-casting on [225.0.0.222:34997]...
JobSystem: Creating JobQueue using job-worker-count value 7
Input System module state changed to: Initialized.
[Physics::Module] Initialized fallback backend.
[Physics::Module] Id: 0xdecafbad
Library Redirect Path: Library/
[Physics::Module] Selected backend.
[Physics::Module] Name: PhysX
[Physics::Module] Id: 0xf2b8ea05
[Physics::Module] SDK Version: 4.1.2
[Physics::Module] Integration Version: 1.0.0
[Physics::Module] Threading Mode: Multi-Threaded
Refreshing native plugins compatible for Editor in 1.72 ms, found 3 plugins.
Preloading 0 native plugins for Editor in 0.00 ms.
Initialize engine version: 6000.0.37f1 (090b7797214c)
[Subsystems] Discovering subsystems at path C:/Program Files/Unity/Hub/Editor/6000.0.37f1/Editor/Data/Resources/UnitySubsystems
[Subsystems] Discovering subsystems at path C:/Users/USER/Documents/DevPriority/URPSandbox/URPSandbox/Assets
GfxDevice: creating device client; kGfxThreadingModeNonThreaded
Direct3D:
    Version:  Direct3D 11.0 [level 11.1]
    Renderer: NVIDIA GeForce RTX 3060 (ID=0x2504)
    Vendor:   NVIDIA
    VRAM:     12115 MB
    Driver:   32.0.15.7216
Initialize mono
Mono path[0] = 'C:/Program Files/Unity/Hub/Editor/6000.0.37f1/Editor/Data/Managed'
Mono path[1] = 'C:/Program Files/Unity/Hub/Editor/6000.0.37f1/Editor/Data/MonoBleedingEdge/lib/mono/unityjit-win32'
Mono config path = 'C:/Program Files/Unity/Hub/Editor/6000.0.37f1/Editor/Data/MonoBleedingEdge/etc'
Using monoOptions --debugger-agent=transport=dt_socket,embedding=1,server=y,suspend=n,address=127.0.0.1:56892
Begin MonoManager ReloadAssembly
Registering precompiled unity dll's ...
Register platform support module: C:/Program Files/Unity/Hub/Editor/6000.0.37f1/Editor/Data/PlaybackEngines/WebGLSupport/UnityEditor.WebGL.Extensions.dll
Register platform support module: C:/Program Files/Unity/Hub/Editor/6000.0.37f1/Editor/Data/PlaybackEngines/WindowsStandaloneSupport/UnityEditor.WindowsStandalone.Extensions.dll
Register platform support module: C:/Program Files/Unity/Hub/Editor/6000.0.37f1/Editor/Data/PlaybackEngines/AndroidPlayer/UnityEditor.Android.Extensions.dll
Registered in 0.004384 seconds.
- Loaded All Assemblies, in  0.342 seconds
Native extension for Android target not found
Android Extension - Scanning For ADB Devices 253 ms
Native extension for WindowsStandalone target not found
Native extension for WebGL target not found
Mono: successfully reloaded assembly
- Finished resetting the current domain, in  0.568 seconds
Domain Reload Profiling: 909ms
	BeginReloadAssembly (118ms)
		ExecutionOrderSort (0ms)
		DisableScriptedObjects (0ms)
		BackupInstance (0ms)
		ReleaseScriptingObjects (0ms)
		CreateAndSetChildDomain (1ms)
	RebuildCommonClasses (31ms)
	RebuildNativeTypeToScriptingClass (9ms)
	initialDomainReloadingComplete (45ms)
	LoadAllAssembliesAndSetupDomain (138ms)
		LoadAssemblies (117ms)
		RebuildTransferFunctionScriptingTraits (0ms)
		AnalyzeDomain (135ms)
			TypeCache.Refresh (133ms)
				TypeCache.ScanAssembly (122ms)
			BuildScriptInfoCaches (0ms)
			ResolveRequiredComponents (0ms)
	FinalizeReload (568ms)
		ReleaseScriptCaches (0ms)
		RebuildScriptCaches (0ms)
		SetupLoadedEditorAssemblies (531ms)
			LogAssemblyErrors (0ms)
			InitializePlatformSupportModulesInManaged (332ms)
			SetLoadedEditorAssemblies (4ms)
			BeforeProcessingInitializeOnLoad (46ms)
			ProcessInitializeOnLoadAttributes (99ms)
			ProcessInitializeOnLoadMethodAttributes (51ms)
			AfterProcessingInitializeOnLoad (0ms)
			EditorAssembliesLoaded (0ms)
		ExecutionOrderSort2 (0ms)
		AwakeInstancesAfterBackupRestoration (0ms)
========================================================================
Worker process is ready to serve import requests
Import Worker Mode flag is 0x00
Begin MonoManager ReloadAssembly
- Loaded All Assemblies, in  0.688 seconds
Refreshing native plugins compatible for Editor in 0.92 ms, found 3 plugins.
Native extension for Android target not found
Native extension for WindowsStandalone target not found
Native extension for WebGL target not found
Mono: successfully reloaded assembly
- Finished resetting the current domain, in  0.765 seconds
Domain Reload Profiling: 1449ms
	BeginReloadAssembly (153ms)
		ExecutionOrderSort (0ms)
		DisableScriptedObjects (5ms)
		BackupInstance (0ms)
		ReleaseScriptingObjects (0ms)
		CreateAndSetChildDomain (29ms)
	RebuildCommonClasses (31ms)
	RebuildNativeTypeToScriptingClass (10ms)
	initialDomainReloadingComplete (35ms)
	LoadAllAssembliesAndSetupDomain (454ms)
		LoadAssemblies (343ms)
		RebuildTransferFunctionScriptingTraits (0ms)
		AnalyzeDomain (203ms)
			TypeCache.Refresh (148ms)
				TypeCache.ScanAssembly (132ms)
			BuildScriptInfoCaches (43ms)
			ResolveRequiredComponents (9ms)
	FinalizeReload (765ms)
		ReleaseScriptCaches (0ms)
		RebuildScriptCaches (0ms)
		SetupLoadedEditorAssemblies (617ms)
			LogAssemblyErrors (0ms)
			InitializePlatformSupportModulesInManaged (11ms)
			SetLoadedEditorAssemblies (6ms)
			BeforeProcessingInitializeOnLoad (156ms)
			ProcessInitializeOnLoadAttributes (349ms)
			ProcessInitializeOnLoadMethodAttributes (88ms)
			AfterProcessingInitializeOnLoad (5ms)
			EditorAssembliesLoaded (0ms)
		ExecutionOrderSort2 (0ms)
		AwakeInstancesAfterBackupRestoration (4ms)
Launched and connected shader compiler UnityShaderCompiler.exe after 0.01 seconds
Refreshing native plugins compatible for Editor in 1.70 ms, found 3 plugins.
Preloading 0 native plugins for Editor in 0.00 ms.
Unloading 215 Unused Serialized files (Serialized files now loaded: 0)
Unloading 5989 unused Assets / (6.7 MB). Loaded Objects now: 6682.
Memory consumption went from 162.5 MB to 155.8 MB.
Total: 13.477800 ms (FindLiveObjects: 1.229300 ms CreateObjectMapping: 1.103000 ms MarkObjects: 7.089100 ms  DeleteObjects: 4.055000 ms)

========================================================================
Received Import Request.
  Time since last request: 154076.534593 seconds.
  path: Assets/_Project/Shaders&Mats/envmat.mat
  artifactKey: Guid(d077d49e5bf99ab46a1bad112350050e) Importer(815301076,1909f56bfc062723c751e8b465ee728b)
Start importing Assets/_Project/Shaders&Mats/envmat.mat using Guid(d077d49e5bf99ab46a1bad112350050e) Importer(815301076,1909f56bfc062723c751e8b465ee728b) (PreviewImporter) -> (artifact id: '8c42f83d5d0e7dbcd0b42d4b03bb9177') in 0.804575 seconds
Number of updated asset objects reloaded before import = 0Number of asset objects unloaded after import = 4

========================================================================
Received Import Request.
  Time since last request: 1068.494493 seconds.
  path: Assets/_Project/Shaders&Mats/CorrosiveTech.shadergraph
  artifactKey: Guid(919313ac22fdb4e47bc47b783651a8eb) Importer(815301076,1909f56bfc062723c751e8b465ee728b)
Start importing Assets/_Project/Shaders&Mats/CorrosiveTech.shadergraph using Guid(919313ac22fdb4e47bc47b783651a8eb) Importer(815301076,1909f56bfc062723c751e8b465ee728b) (PreviewImporter) -> (artifact id: '31592153a8341e19b6cec23a06f26e5f') in 0.0332461 seconds
Number of updated asset objects reloaded before import = 0Number of asset objects unloaded after import = 6

========================================================================
Received Import Request.
  Time since last request: 3.914140 seconds.
  path: Assets/Scenes/SampleScene.unity
  artifactKey: Guid(99c9720ab356a0642a771bea13969a05) Importer(815301076,1909f56bfc062723c751e8b465ee728b)
Start importing Assets/Scenes/SampleScene.unity using Guid(99c9720ab356a0642a771bea13969a05) Importer(815301076,1909f56bfc062723c751e8b465ee728b) (PreviewImporter) -> (artifact id: '3baab60668d189ddd074479abb35ac91') in 0.0005984 seconds
Number of updated asset objects reloaded before import = 0Number of asset objects unloaded after import = 0

========================================================================
Received Import Request.
  Time since last request: 12.073945 seconds.
  path: Assets/_Project/CorruptionObjectSpace.prefab
  artifactKey: Guid(5c9db18bd2ab91c408530da407997644) Importer(815301076,1909f56bfc062723c751e8b465ee728b)
Start importing Assets/_Project/CorruptionObjectSpace.prefab using Guid(5c9db18bd2ab91c408530da407997644) Importer(815301076,1909f56bfc062723c751e8b465ee728b) (PreviewImporter) -> (artifact id: 'a76105110d4bfdb2c50d9b0fc46860d8') in 0.083456 seconds
Number of updated asset objects reloaded before import = 0Number of asset objects unloaded after import = 29

========================================================================
Received Import Request.
  Time since last request: 77.924000 seconds.
  path: Assets/_Project/Shaders&Mats/envmat.mat
  artifactKey: Guid(d077d49e5bf99ab46a1bad112350050e) Importer(815301076,1909f56bfc062723c751e8b465ee728b)
Start importing Assets/_Project/Shaders&Mats/envmat.mat using Guid(d077d49e5bf99ab46a1bad112350050e) Importer(815301076,1909f56bfc062723c751e8b465ee728b) (PreviewImporter) -> (artifact id: '683edb6153372f6627054150daa4ec70') in 0.149337 seconds
Number of updated asset objects reloaded before import = 0Number of asset objects unloaded after import = 4

========================================================================
Received Import Request.
  Time since last request: 106.641180 seconds.
  path: Assets/_Project/Shaders&Mats/GlitchHoleSubGraphObject.shadersubgraph
  artifactKey: Guid(5b8fafe414c0f7b48a20205892509ed5) Importer(815301076,1909f56bfc062723c751e8b465ee728b)
Start importing Assets/_Project/Shaders&Mats/GlitchHoleSubGraphObject.shadersubgraph using Guid(5b8fafe414c0f7b48a20205892509ed5) Importer(815301076,1909f56bfc062723c751e8b465ee728b) (PreviewImporter) -> (artifact id: 'b5da099318cf5683f016b9565934adf4') in 0.0023855 seconds
Number of updated asset objects reloaded before import = 0Number of asset objects unloaded after import = 1

========================================================================
Received Import Request.
  Time since last request: 22.230575 seconds.
  path: Assets/_Project/Shaders&Mats/GlitchHoleSubGraphObject.shadersubgraph
  artifactKey: Guid(5b8fafe414c0f7b48a20205892509ed5) Importer(815301076,1909f56bfc062723c751e8b465ee728b)
Start importing Assets/_Project/Shaders&Mats/GlitchHoleSubGraphObject.shadersubgraph using Guid(5b8fafe414c0f7b48a20205892509ed5) Importer(815301076,1909f56bfc062723c751e8b465ee728b) (PreviewImporter) -> (artifact id: '5bf3ba8d4d07f3b764632e6a6a32b888') in 0.0010457 seconds
Number of updated asset objects reloaded before import = 0Number of asset objects unloaded after import = 1

========================================================================
Received Import Request.
  Time since last request: 25.969320 seconds.
  path: Assets/_Project/Shaders&Mats/GlitchHoleSubGraphObject.shadersubgraph
  artifactKey: Guid(5b8fafe414c0f7b48a20205892509ed5) Importer(815301076,1909f56bfc062723c751e8b465ee728b)
Start importing Assets/_Project/Shaders&Mats/GlitchHoleSubGraphObject.shadersubgraph using Guid(5b8fafe414c0f7b48a20205892509ed5) Importer(815301076,1909f56bfc062723c751e8b465ee728b) (PreviewImporter) -> (artifact id: '29ab6c306727e5b5b56d0172f08ac18f') in 0.0010022 seconds
Number of updated asset objects reloaded before import = 0Number of asset objects unloaded after import = 1

========================================================================
Received Import Request.
  Time since last request: 1847.819170 seconds.
  path: Assets/_Project/Shaders&Mats/CustomVoronoiObject.hlsl
  artifactKey: Guid(82749b23fdd2e9d43b6b113888a2330d) Importer(815301076,1909f56bfc062723c751e8b465ee728b)
Start importing Assets/_Project/Shaders&Mats/CustomVoronoiObject.hlsl using Guid(82749b23fdd2e9d43b6b113888a2330d) Importer(815301076,1909f56bfc062723c751e8b465ee728b) (PreviewImporter) -> (artifact id: '974206a38a708c5f2ccd34a6738c2f38') in 0.0011516 seconds
Number of updated asset objects reloaded before import = 0Number of asset objects unloaded after import = 1

========================================================================
Received Import Request.
  Time since last request: 4.518385 seconds.
  path: Assets/_Project/Shaders&Mats/GlitchHoleSubGraphObject.shadersubgraph
  artifactKey: Guid(5b8fafe414c0f7b48a20205892509ed5) Importer(815301076,1909f56bfc062723c751e8b465ee728b)
Start importing Assets/_Project/Shaders&Mats/GlitchHoleSubGraphObject.shadersubgraph using Guid(5b8fafe414c0f7b48a20205892509ed5) Importer(815301076,1909f56bfc062723c751e8b465ee728b) (PreviewImporter) -> (artifact id: '05868e80ae8fcd68355d432222547825') in 0.0011077 seconds
Number of updated asset objects reloaded before import = 0Number of asset objects unloaded after import = 1

========================================================================
Received Import Request.
  Time since last request: 166.432977 seconds.
  path: Assets/_Project/Shaders&Mats/CustomVoronoiObject.hlsl
  artifactKey: Guid(82749b23fdd2e9d43b6b113888a2330d) Importer(815301076,1909f56bfc062723c751e8b465ee728b)
Start importing Assets/_Project/Shaders&Mats/CustomVoronoiObject.hlsl using Guid(82749b23fdd2e9d43b6b113888a2330d) Importer(815301076,1909f56bfc062723c751e8b465ee728b) (PreviewImporter) -> (artifact id: '40dc693643367d7711ae7ebfcb8ec56d') in 0.0010927 seconds
Number of updated asset objects reloaded before import = 0Number of asset objects unloaded after import = 1

========================================================================
Received Import Request.
  Time since last request: 65.219521 seconds.
  path: Assets/_Project/Shaders&Mats/CustomVoronoiObject.hlsl
  artifactKey: Guid(82749b23fdd2e9d43b6b113888a2330d) Importer(815301076,1909f56bfc062723c751e8b465ee728b)
Start importing Assets/_Project/Shaders&Mats/CustomVoronoiObject.hlsl using Guid(82749b23fdd2e9d43b6b113888a2330d) Importer(815301076,1909f56bfc062723c751e8b465ee728b) (PreviewImporter) -> (artifact id: 'aea819c70cb7616caf2514d21d9853d9') in 0.0008389 seconds
Number of updated asset objects reloaded before import = 0Number of asset objects unloaded after import = 1

========================================================================
Received Import Request.
  Time since last request: 7.231689 seconds.
  path: Assets/_Project/Shaders&Mats/CustomVoronoiObject.hlsl
  artifactKey: Guid(82749b23fdd2e9d43b6b113888a2330d) Importer(815301076,1909f56bfc062723c751e8b465ee728b)
Start importing Assets/_Project/Shaders&Mats/CustomVoronoiObject.hlsl using Guid(82749b23fdd2e9d43b6b113888a2330d) Importer(815301076,1909f56bfc062723c751e8b465ee728b) (PreviewImporter) -> (artifact id: '29ad6c88c5402a390f50e1517476c746') in 0.0008651 seconds
Number of updated asset objects reloaded before import = 0Number of asset objects unloaded after import = 1

========================================================================
Received Import Request.
  Time since last request: 20.582582 seconds.
  path: Assets/_Project/Shaders&Mats/CustomVoronoiObject.hlsl
  artifactKey: Guid(82749b23fdd2e9d43b6b113888a2330d) Importer(815301076,1909f56bfc062723c751e8b465ee728b)
Start importing Assets/_Project/Shaders&Mats/CustomVoronoiObject.hlsl using Guid(82749b23fdd2e9d43b6b113888a2330d) Importer(815301076,1909f56bfc062723c751e8b465ee728b) (PreviewImporter) -> (artifact id: '173d3cee800371eecc52ca99607d2767') in 0.0010697 seconds
Number of updated asset objects reloaded before import = 0Number of asset objects unloaded after import = 1

========================================================================
Received Import Request.
  Time since last request: 12.330358 seconds.
  path: Assets/_Project/Shaders&Mats/CustomVoronoiObject.hlsl
  artifactKey: Guid(82749b23fdd2e9d43b6b113888a2330d) Importer(815301076,1909f56bfc062723c751e8b465ee728b)
Start importing Assets/_Project/Shaders&Mats/CustomVoronoiObject.hlsl using Guid(82749b23fdd2e9d43b6b113888a2330d) Importer(815301076,1909f56bfc062723c751e8b465ee728b) (PreviewImporter) -> (artifact id: 'bcb62a65dc35a36feb8a2097bff974aa') in 0.0009549 seconds
Number of updated asset objects reloaded before import = 0Number of asset objects unloaded after import = 1

========================================================================
Received Import Request.
  Time since last request: 120.938998 seconds.
  path: Assets/_Project/Shaders&Mats/CustomVoronoiObject.hlsl
  artifactKey: Guid(82749b23fdd2e9d43b6b113888a2330d) Importer(815301076,1909f56bfc062723c751e8b465ee728b)
Start importing Assets/_Project/Shaders&Mats/CustomVoronoiObject.hlsl using Guid(82749b23fdd2e9d43b6b113888a2330d) Importer(815301076,1909f56bfc062723c751e8b465ee728b) (PreviewImporter) -> (artifact id: 'ed0eeee98e3d04798c701361f0e0f64c') in 0.0010837 seconds
Number of updated asset objects reloaded before import = 0Number of asset objects unloaded after import = 1

========================================================================
Received Import Request.
  Time since last request: 146.090995 seconds.
  path: Assets/_Project/Shaders&Mats/CustomVoronoiObject.hlsl
  artifactKey: Guid(82749b23fdd2e9d43b6b113888a2330d) Importer(815301076,1909f56bfc062723c751e8b465ee728b)
Start importing Assets/_Project/Shaders&Mats/CustomVoronoiObject.hlsl using Guid(82749b23fdd2e9d43b6b113888a2330d) Importer(815301076,1909f56bfc062723c751e8b465ee728b) (PreviewImporter) -> (artifact id: '54b1860bd4870855839d57dcf4d0c2d4') in 0.000977 seconds
Number of updated asset objects reloaded before import = 0Number of asset objects unloaded after import = 1

========================================================================
Received Import Request.
  Time since last request: 211.833976 seconds.
  path: Assets/_Project/Shaders&Mats/GlitchHoleSubGraphObject.shadersubgraph
  artifactKey: Guid(5b8fafe414c0f7b48a20205892509ed5) Importer(815301076,1909f56bfc062723c751e8b465ee728b)
Start importing Assets/_Project/Shaders&Mats/GlitchHoleSubGraphObject.shadersubgraph using Guid(5b8fafe414c0f7b48a20205892509ed5) Importer(815301076,1909f56bfc062723c751e8b465ee728b) (PreviewImporter) -> (artifact id: '5bd3cf51742546d3f8b173581f09a3bd') in 0.0012832 seconds
Number of updated asset objects reloaded before import = 0Number of asset objects unloaded after import = 1

========================================================================
Received Import Request.
  Time since last request: 133.538197 seconds.
  path: Assets/_Project/Shaders&Mats/GlitchHoleSubGraphObject.shadersubgraph
  artifactKey: Guid(5b8fafe414c0f7b48a20205892509ed5) Importer(815301076,1909f56bfc062723c751e8b465ee728b)
Start importing Assets/_Project/Shaders&Mats/GlitchHoleSubGraphObject.shadersubgraph using Guid(5b8fafe414c0f7b48a20205892509ed5) Importer(815301076,1909f56bfc062723c751e8b465ee728b) (PreviewImporter) -> (artifact id: 'dcdb9e6b6b227673dad51a8b60624c7e') in 0.0027136 seconds
Number of updated asset objects reloaded before import = 0Number of asset objects unloaded after import = 1

========================================================================
Received Import Request.
  Time since last request: 28.825006 seconds.
  path: Assets/_Project/Shaders&Mats/GlitchHoleSubGraphObject.shadersubgraph
  artifactKey: Guid(5b8fafe414c0f7b48a20205892509ed5) Importer(815301076,1909f56bfc062723c751e8b465ee728b)
Start importing Assets/_Project/Shaders&Mats/GlitchHoleSubGraphObject.shadersubgraph using Guid(5b8fafe414c0f7b48a20205892509ed5) Importer(815301076,1909f56bfc062723c751e8b465ee728b) (PreviewImporter) -> (artifact id: 'e20e8c2ba6ccd75ddbc80c23ce50398b') in 0.0015339 seconds
Number of updated asset objects reloaded before import = 0Number of asset objects unloaded after import = 1

========================================================================
Received Import Request.
  Time since last request: 18.211719 seconds.
  path: Assets/_Project/Shaders&Mats/GlitchHoleSubGraphObject.shadersubgraph
  artifactKey: Guid(5b8fafe414c0f7b48a20205892509ed5) Importer(815301076,1909f56bfc062723c751e8b465ee728b)
Start importing Assets/_Project/Shaders&Mats/GlitchHoleSubGraphObject.shadersubgraph using Guid(5b8fafe414c0f7b48a20205892509ed5) Importer(815301076,1909f56bfc062723c751e8b465ee728b) (PreviewImporter) -> (artifact id: '6819d19296f140db0516480abd9e2ba2') in 0.0011798 seconds
Number of updated asset objects reloaded before import = 0Number of asset objects unloaded after import = 1

========================================================================
Received Import Request.
  Time since last request: 33.211839 seconds.
  path: Assets/_Project/Shaders&Mats/CustomVoronoiObject.hlsl
  artifactKey: Guid(82749b23fdd2e9d43b6b113888a2330d) Importer(815301076,1909f56bfc062723c751e8b465ee728b)
Start importing Assets/_Project/Shaders&Mats/CustomVoronoiObject.hlsl using Guid(82749b23fdd2e9d43b6b113888a2330d) Importer(815301076,1909f56bfc062723c751e8b465ee728b) (PreviewImporter) -> (artifact id: 'c9150b11b3f8f9ee96c8628c9827f867') in 0.0008519 seconds
Number of updated asset objects reloaded before import = 0Number of asset objects unloaded after import = 1

========================================================================
Received Import Request.
  Time since last request: 5.987757 seconds.
  path: Assets/_Project/Shaders&Mats/CustomVoronoiObject.hlsl
  artifactKey: Guid(82749b23fdd2e9d43b6b113888a2330d) Importer(815301076,1909f56bfc062723c751e8b465ee728b)
Start importing Assets/_Project/Shaders&Mats/CustomVoronoiObject.hlsl using Guid(82749b23fdd2e9d43b6b113888a2330d) Importer(815301076,1909f56bfc062723c751e8b465ee728b) (PreviewImporter) -> (artifact id: 'cf3ea6c5fbd828dd551ec01ba28ea042') in 0.0008525 seconds
Number of updated asset objects reloaded before import = 0Number of asset objects unloaded after import = 1

========================================================================
Received Import Request.
  Time since last request: 30.035890 seconds.
  path: Assets/_Project/Shaders&Mats/CustomVoronoiObject.hlsl
  artifactKey: Guid(82749b23fdd2e9d43b6b113888a2330d) Importer(815301076,1909f56bfc062723c751e8b465ee728b)
Start importing Assets/_Project/Shaders&Mats/CustomVoronoiObject.hlsl using Guid(82749b23fdd2e9d43b6b113888a2330d) Importer(815301076,1909f56bfc062723c751e8b465ee728b) (PreviewImporter) -> (artifact id: '519494e17e585a6bb6efb4c25aa66d32') in 0.0008894 seconds
Number of updated asset objects reloaded before import = 0Number of asset objects unloaded after import = 1

========================================================================
Received Import Request.
  Time since last request: 211.851910 seconds.
  path: Assets/_Project/Shaders&Mats/CustomVoronoiObject.hlsl
  artifactKey: Guid(82749b23fdd2e9d43b6b113888a2330d) Importer(815301076,1909f56bfc062723c751e8b465ee728b)
Start importing Assets/_Project/Shaders&Mats/CustomVoronoiObject.hlsl using Guid(82749b23fdd2e9d43b6b113888a2330d) Importer(815301076,1909f56bfc062723c751e8b465ee728b) (PreviewImporter) -> (artifact id: '10d31f85a78e56243948cb29b2f9fde3') in 0.001183 seconds
Number of updated asset objects reloaded before import = 0Number of asset objects unloaded after import = 1

========================================================================
Received Import Request.
  Time since last request: 251.915116 seconds.
  path: Assets/_Project/Shaders&Mats/CustomVoronoiObject.hlsl
  artifactKey: Guid(82749b23fdd2e9d43b6b113888a2330d) Importer(815301076,1909f56bfc062723c751e8b465ee728b)
Start importing Assets/_Project/Shaders&Mats/CustomVoronoiObject.hlsl using Guid(82749b23fdd2e9d43b6b113888a2330d) Importer(815301076,1909f56bfc062723c751e8b465ee728b) (PreviewImporter) -> (artifact id: '2fe99bb87a4c922527e3c7114013d899') in 0.0010111 seconds
Number of updated asset objects reloaded before import = 0Number of asset objects unloaded after import = 1

========================================================================
Received Import Request.
  Time since last request: 23.499726 seconds.
  path: Assets/_Project/Shaders&Mats/GlitchHoleSubGraphObject.shadersubgraph
  artifactKey: Guid(5b8fafe414c0f7b48a20205892509ed5) Importer(815301076,1909f56bfc062723c751e8b465ee728b)
Start importing Assets/_Project/Shaders&Mats/GlitchHoleSubGraphObject.shadersubgraph using Guid(5b8fafe414c0f7b48a20205892509ed5) Importer(815301076,1909f56bfc062723c751e8b465ee728b) (PreviewImporter) -> (artifact id: '48774c5ba395d2a3bfe778afd70d2fd2') in 0.0010803 seconds
Number of updated asset objects reloaded before import = 0Number of asset objects unloaded after import = 1

========================================================================
Received Import Request.
  Time since last request: 5.489253 seconds.
  path: Assets/_Project/Shaders&Mats/GlitchHoleSubGraphObject.shadersubgraph
  artifactKey: Guid(5b8fafe414c0f7b48a20205892509ed5) Importer(815301076,1909f56bfc062723c751e8b465ee728b)
Start importing Assets/_Project/Shaders&Mats/GlitchHoleSubGraphObject.shadersubgraph using Guid(5b8fafe414c0f7b48a20205892509ed5) Importer(815301076,1909f56bfc062723c751e8b465ee728b) (PreviewImporter) -> (artifact id: 'a8d87e807ce7a2b059fdab53d814f7c9') in 0.0010748 seconds
Number of updated asset objects reloaded before import = 0Number of asset objects unloaded after import = 1

========================================================================
Received Import Request.
  Time since last request: 352.782367 seconds.
  path: Assets/_Project/Shaders&Mats/GlitchHoleSubGraphObject.shadersubgraph
  artifactKey: Guid(5b8fafe414c0f7b48a20205892509ed5) Importer(815301076,1909f56bfc062723c751e8b465ee728b)
Start importing Assets/_Project/Shaders&Mats/GlitchHoleSubGraphObject.shadersubgraph using Guid(5b8fafe414c0f7b48a20205892509ed5) Importer(815301076,1909f56bfc062723c751e8b465ee728b) (PreviewImporter) -> (artifact id: '61ca4f357a6ad88b67ce672ee02a4abb') in 0.0013831 seconds
Number of updated asset objects reloaded before import = 0Number of asset objects unloaded after import = 1

========================================================================
Received Import Request.
  Time since last request: 44.312580 seconds.
  path: Assets/_Project/Shaders&Mats/envmat.mat
  artifactKey: Guid(d077d49e5bf99ab46a1bad112350050e) Importer(815301076,1909f56bfc062723c751e8b465ee728b)
Start importing Assets/_Project/Shaders&Mats/envmat.mat using Guid(d077d49e5bf99ab46a1bad112350050e) Importer(815301076,1909f56bfc062723c751e8b465ee728b) (PreviewImporter) -> (artifact id: 'e956c3d267f1d9e7a659022d7f7be315') in 0.2571348 seconds
Number of updated asset objects reloaded before import = 0Number of asset objects unloaded after import = 4

========================================================================
Received Import Request.
  Time since last request: 65.918184 seconds.
  path: Assets/_Project/Shaders&Mats/envmat.mat
  artifactKey: Guid(d077d49e5bf99ab46a1bad112350050e) Importer(815301076,1909f56bfc062723c751e8b465ee728b)
Start importing Assets/_Project/Shaders&Mats/envmat.mat using Guid(d077d49e5bf99ab46a1bad112350050e) Importer(815301076,1909f56bfc062723c751e8b465ee728b) (PreviewImporter) -> (artifact id: '40fb7edd01474472b099b41699f189a1') in 0.2450116 seconds
Number of updated asset objects reloaded before import = 0Number of asset objects unloaded after import = 4

========================================================================
Received Import Request.
  Time since last request: 13.293352 seconds.
  path: Assets/_Project/Shaders&Mats/envmat.mat
  artifactKey: Guid(d077d49e5bf99ab46a1bad112350050e) Importer(815301076,1909f56bfc062723c751e8b465ee728b)
Start importing Assets/_Project/Shaders&Mats/envmat.mat using Guid(d077d49e5bf99ab46a1bad112350050e) Importer(815301076,1909f56bfc062723c751e8b465ee728b) (PreviewImporter) -> (artifact id: '00c5d330fd25e82d1e5ae5ff7f438541') in 0.2245288 seconds
Number of updated asset objects reloaded before import = 0Number of asset objects unloaded after import = 4

========================================================================
Received Import Request.
  Time since last request: 10.153131 seconds.
  path: Assets/_Project/Shaders&Mats/envmat.mat
  artifactKey: Guid(d077d49e5bf99ab46a1bad112350050e) Importer(815301076,1909f56bfc062723c751e8b465ee728b)
Start importing Assets/_Project/Shaders&Mats/envmat.mat using Guid(d077d49e5bf99ab46a1bad112350050e) Importer(815301076,1909f56bfc062723c751e8b465ee728b) (PreviewImporter) -> (artifact id: 'd0630a626706abe70afe99bd485685ac') in 0.2134766 seconds
Number of updated asset objects reloaded before import = 0Number of asset objects unloaded after import = 4

